<?xml version="1.0" encoding="UTF-8"?>
<!-- Generated by org.testng.reporters.JUnitXMLReporter -->
<testsuite ignored="0" hostname="Phuongs-MacBook-Pro.local" failures="0" tests="3" name="Group 3" time="19.761" errors="0" timestamp="2022-10-18T21:42:50 CDT">
  <testcase classname="test.BaseTest" name="@AfterMethod captureScreenShot" time="0.002">
    <failure type="java.lang.ClassCastException" message="class driver.DriverFactory cannot be cast to class org.openqa.selenium.TakesScreenshot (driver.DriverFactory and org.openqa.selenium.TakesScreenshot are in unnamed module of loader &amp;apos;app&amp;apos;)">
      <![CDATA[java.lang.ClassCastException: class driver.DriverFactory cannot be cast to class org.openqa.selenium.TakesScreenshot (driver.DriverFactory and org.openqa.selenium.TakesScreenshot are in unnamed module of loader 'app')
at test.BaseTest.captureScreenShot(BaseTest.java:65)
at java.base/java.util.ArrayList.forEach(ArrayList.java:1511)
at java.base/java.util.concurrent.FutureTask.run(FutureTask.java:264)
at java.base/java.util.concurrent.ThreadPoolExecutor.runWorker(ThreadPoolExecutor.java:1136)
at java.base/java.util.concurrent.ThreadPoolExecutor$Worker.run(ThreadPoolExecutor.java:635)
at java.base/java.lang.Thread.run(Thread.java:833)
... Removed 23 stack frames]]>
    </failure>
  </testcase> <!-- @AfterMethod captureScreenShot -->
  <testcase classname="test.BaseTest" name="@AfterMethod captureScreenShot" time="0.0">
    <skipped/>
  </testcase> <!-- @AfterMethod captureScreenShot -->
  <testcase classname="test.BaseTest" name="@AfterMethod captureScreenShot" time="0.0">
    <skipped/>
  </testcase> <!-- @AfterMethod captureScreenShot -->
  <testcase classname="test.computer.BuildYourOwnComputer" name="TC01_BuildYourOwnComputer" time="19.45"/>
  <testcase classname="test.computer.BuildYourOwnComputer" name="TC01_BuildYourOwnComputer" time="0.0">
    <skipped/>
  </testcase> <!-- TC01_BuildYourOwnComputer -->
  <testcase classname="test.computer.BuildYourOwnComputer" name="TC01_BuildYourOwnComputer" time="0.0">
    <skipped/>
  </testcase> <!-- TC01_BuildYourOwnComputer -->
</testsuite> <!-- Group 3 -->
