<?xml version="1.0" encoding="UTF-8"?>
<!-- Generated by org.testng.reporters.JUnitReportReporter -->
<testsuite hostname="Phuongs-MacBook-Pro.local" failures="0" tests="4" name="test.computer.BuildYourOwnComputer" time="19.452" errors="1" timestamp="2022-10-18T21:42:51 CDT" skipped="2">
  <testcase classname="test.computer.BuildYourOwnComputer" name="TC01_BuildYourOwnComputer" time="19.450"/>
  <system-out/>
  <testcase classname="test.computer.BuildYourOwnComputer" name="TC01_BuildYourOwnComputer" time="0.000">
    <skipped/>
  </testcase> <!-- TC01_BuildYourOwnComputer -->
  <system-out/>
  <testcase classname="test.computer.BuildYourOwnComputer" name="TC01_BuildYourOwnComputer" time="0.000">
    <skipped/>
  </testcase> <!-- TC01_BuildYourOwnComputer -->
  <system-out/>
  <testcase classname="test.computer.BuildYourOwnComputer" name="captureScreenShot" time="0.002">
    <error message="class driver.DriverFactory cannot be cast to class org.openqa.selenium.TakesScreenshot (driver.DriverFactory and org.openqa.selenium.TakesScreenshot are in unnamed module of loader &#039;app&#039;)" type="java.lang.ClassCastException">
      <![CDATA[java.lang.ClassCastException: class driver.DriverFactory cannot be cast to class org.openqa.selenium.TakesScreenshot (driver.DriverFactory and org.openqa.selenium.TakesScreenshot are in unnamed module of loader 'app')
at test.BaseTest.captureScreenShot(BaseTest.java:65)
at java.base/jdk.internal.reflect.NativeMethodAccessorImpl.invoke0(Native Method)
at java.base/jdk.internal.reflect.NativeMethodAccessorImpl.invoke(NativeMethodAccessorImpl.java:77)
at java.base/jdk.internal.reflect.DelegatingMethodAccessorImpl.invoke(DelegatingMethodAccessorImpl.java:43)
at java.base/java.lang.reflect.Method.invoke(Method.java:568)
at org.testng.internal.invokers.MethodInvocationHelper.invokeMethod(MethodInvocationHelper.java:135)
at org.testng.internal.invokers.MethodInvocationHelper.invokeMethodConsideringTimeout(MethodInvocationHelper.java:65)
at org.testng.internal.invokers.ConfigInvoker.invokeConfigurationMethod(ConfigInvoker.java:381)
at org.testng.internal.invokers.ConfigInvoker.invokeConfigurations(ConfigInvoker.java:319)
at org.testng.internal.invokers.TestInvoker.runConfigMethods(TestInvoker.java:803)
at org.testng.internal.invokers.TestInvoker.runAfterConfigurations(TestInvoker.java:772)
at org.testng.internal.invokers.TestInvoker.invokeMethod(TestInvoker.java:748)
at org.testng.internal.invokers.TestInvoker.invokeTestMethod(TestInvoker.java:220)
at org.testng.internal.invokers.MethodRunner.runInSequence(MethodRunner.java:50)
at org.testng.internal.invokers.TestInvoker$MethodInvocationAgent.invoke(TestInvoker.java:945)
at org.testng.internal.invokers.TestInvoker.invokeTestMethods(TestInvoker.java:193)
at org.testng.internal.invokers.TestMethodWorker.invokeTestMethods(TestMethodWorker.java:146)
at org.testng.internal.invokers.TestMethodWorker.run(TestMethodWorker.java:128)
at java.base/java.util.ArrayList.forEach(ArrayList.java:1511)
at org.testng.TestRunner.privateRun(TestRunner.java:808)
at org.testng.TestRunner.run(TestRunner.java:603)
at org.testng.SuiteRunner.runTest(SuiteRunner.java:429)
at org.testng.SuiteRunner.access$000(SuiteRunner.java:32)
at org.testng.SuiteRunner$SuiteWorker.run(SuiteRunner.java:467)
at org.testng.internal.thread.ThreadUtil.lambda$execute$0(ThreadUtil.java:58)
at java.base/java.util.concurrent.FutureTask.run(FutureTask.java:264)
at java.base/java.util.concurrent.ThreadPoolExecutor.runWorker(ThreadPoolExecutor.java:1136)
at java.base/java.util.concurrent.ThreadPoolExecutor$Worker.run(ThreadPoolExecutor.java:635)
at java.base/java.lang.Thread.run(Thread.java:833)
]]>
    </error>
  </testcase> <!-- captureScreenShot -->
  <system-out/>
</testsuite> <!-- test.computer.BuildYourOwnComputer -->
